<?xml version="1.0" encoding="UTF-8"?>
<coverage generated="1680048544017" clover="3.2.0">
  <project timestamp="1680048544018" name="All files">
    <metrics statements="17" coveredstatements="15" conditionals="16" coveredconditionals="10" methods="4" coveredmethods="3" elements="37" coveredelements="28" complexity="0" loc="17" ncloc="17" packages="1" files="1" classes="1"/>
    <file name="Roller.ts" path="/sandbox/src/Roller.ts">
      <metrics statements="17" coveredstatements="15" conditionals="16" coveredconditionals="10" methods="4" coveredmethods="3"/>
      <line num="1" count="1" type="stmt"/>
      <line num="10" count="17" type="cond" truecount="0" falsecount="1"/>
      <line num="11" count="0" type="stmt"/>
      <line num="13" count="17" type="stmt"/>
      <line num="14" count="17" type="stmt"/>
      <line num="15" count="17" type="stmt"/>
      <line num="29" count="14" type="cond" truecount="3" falsecount="0"/>
      <line num="30" count="5" type="stmt"/>
      <line num="32" count="9" type="stmt"/>
      <line num="33" count="9" type="cond" truecount="3" falsecount="1"/>
      <line num="34" count="9" type="stmt"/>
      <line num="35" count="9" type="stmt"/>
      <line num="41" count="0" type="cond" truecount="0" falsecount="4"/>
      <line num="50" count="16" type="stmt"/>
      <line num="51" count="16" type="stmt"/>
      <line num="52" count="96" type="cond" truecount="4" falsecount="0"/>
      <line num="54" count="16" type="stmt"/>
    </file>
  </project>
</coverage>
