{"/sandbox/src/Roller.ts": {"path":"/sandbox/src/Roller.ts","statementMap":{"0":{"start":{"line":10,"column":8},"end":{"line":12,"column":null}},"1":{"start":{"line":11,"column":10},"end":{"line":11,"column":20}},"2":{"start":{"line":13,"column":8},"end":{"line":13,"column":55}},"3":{"start":{"line":14,"column":8},"end":{"line":14,"column":24}},"4":{"start":{"line":15,"column":8},"end":{"line":15,"column":28}},"5":{"start":{"line":29,"column":8},"end":{"line":31,"column":null}},"6":{"start":{"line":30,"column":10},"end":{"line":30,"column":19}},"7":{"start":{"line":32,"column":8},"end":{"line":32,"column":27}},"8":{"start":{"line":33,"column":20},"end":{"line":33,"column":54}},"9":{"start":{"line":34,"column":8},"end":{"line":34,"column":49}},"10":{"start":{"line":35,"column":8},"end":{"line":35,"column":21}},"11":{"start":{"line":41,"column":8},"end":{"line":41,"column":29}},"12":{"start":{"line":50,"column":21},"end":{"line":50,"column":46}},"13":{"start":{"line":51,"column":8},"end":{"line":53,"column":null}},"14":{"start":{"line":51,"column":21},"end":{"line":51,"column":22}},"15":{"start":{"line":52,"column":10},"end":{"line":52,"column":54}},"16":{"start":{"line":54,"column":8},"end":{"line":54,"column":20}},"17":{"start":{"line":1,"column":0},"end":{"line":1,"column":13}}},"fnMap":{"0":{"name":"(anonymous_0)","decl":{"start":{"line":9,"column":4},"end":{"line":9,"column":16}},"loc":{"start":{"line":9,"column":29},"end":{"line":16,"column":7}}},"1":{"name":"(anonymous_1)","decl":{"start":{"line":28,"column":4},"end":{"line":28,"column":8}},"loc":{"start":{"line":28,"column":22},"end":{"line":36,"column":7}}},"2":{"name":"(anonymous_2)","decl":{"start":{"line":40,"column":4},"end":{"line":40,"column":8}},"loc":{"start":{"line":40,"column":8},"end":{"line":42,"column":5}}},"3":{"name":"(anonymous_3)","decl":{"start":{"line":49,"column":4},"end":{"line":49,"column":16}},"loc":{"start":{"line":49,"column":16},"end":{"line":55,"column":7}}}},"branchMap":{"0":{"loc":{"start":{"line":10,"column":8},"end":{"line":12,"column":null}},"type":"if","locations":[{"start":{"line":10,"column":8},"end":{"line":12,"column":null}}]},"1":{"loc":{"start":{"line":29,"column":8},"end":{"line":31,"column":null}},"type":"if","locations":[{"start":{"line":29,"column":8},"end":{"line":31,"column":null}}]},"2":{"loc":{"start":{"line":29,"column":12},"end":{"line":29,"column":44}},"type":"binary-expr","locations":[{"start":{"line":29,"column":12},"end":{"line":29,"column":21}},{"start":{"line":29,"column":25},"end":{"line":29,"column":44}}]},"3":{"loc":{"start":{"line":33,"column":20},"end":{"line":33,"column":54}},"type":"cond-expr","locations":[{"start":{"line":33,"column":49},"end":{"line":33,"column":53}},{"start":{"line":33,"column":53},"end":{"line":33,"column":54}}]},"4":{"loc":{"start":{"line":33,"column":20},"end":{"line":33,"column":53}},"type":"binary-expr","locations":[{"start":{"line":33,"column":20},"end":{"line":33,"column":53}},{"start":{"line":33,"column":49},"end":{"line":33,"column":53}}]},"5":{"loc":{"start":{"line":41,"column":15},"end":{"line":41,"column":28}},"type":"cond-expr","locations":[{"start":{"line":41,"column":25},"end":{"line":41,"column":27}},{"start":{"line":41,"column":27},"end":{"line":41,"column":28}}]},"6":{"loc":{"start":{"line":41,"column":15},"end":{"line":41,"column":27}},"type":"binary-expr","locations":[{"start":{"line":41,"column":15},"end":{"line":41,"column":27}},{"start":{"line":41,"column":25},"end":{"line":41,"column":27}}]},"7":{"loc":{"start":{"line":52,"column":22},"end":{"line":52,"column":52}},"type":"cond-expr","locations":[{"start":{"line":52,"column":47},"end":{"line":52,"column":51}},{"start":{"line":52,"column":51},"end":{"line":52,"column":52}}]},"8":{"loc":{"start":{"line":52,"column":22},"end":{"line":52,"column":51}},"type":"binary-expr","locations":[{"start":{"line":52,"column":22},"end":{"line":52,"column":51}},{"start":{"line":52,"column":47},"end":{"line":52,"column":51}}]}},"s":{"0":9,"1":0,"2":9,"3":9,"4":9,"5":6,"6":5,"7":1,"8":1,"9":1,"10":1,"11":0,"12":8,"13":8,"14":8,"15":48,"16":8,"17":1},"f":{"0":9,"1":6,"2":0,"3":8},"b":{"0":[0],"1":[5],"2":[6,1],"3":[0,1],"4":[1,1],"5":[0,0],"6":[0,0],"7":[1,47],"8":[48,48]}}
}
