TN:
SF:src/Roller.ts
FN:9,(anonymous_0)
FN:28,(anonymous_1)
FN:40,(anonymous_2)
FN:49,(anonymous_3)
FNF:4
FNH:3
FNDA:9,(anonymous_0)
FNDA:6,(anonymous_1)
FNDA:0,(anonymous_2)
FNDA:8,(anonymous_3)
DA:1,1
DA:10,9
DA:11,0
DA:13,9
DA:14,9
DA:15,9
DA:29,6
DA:30,5
DA:32,1
DA:33,1
DA:34,1
DA:35,1
DA:41,0
DA:50,8
DA:51,8
DA:52,48
DA:54,8
LF:17
LH:15
BRDA:10,0,0,0
BRDA:29,1,0,5
BRDA:29,2,0,6
BRDA:29,2,1,1
BRDA:33,3,0,0
BRDA:33,3,1,1
BRDA:33,4,0,1
BRDA:33,4,1,1
BRDA:41,5,0,0
BRDA:41,5,1,0
BRDA:41,6,0,0
BRDA:41,6,1,0
BRDA:52,7,0,1
BRDA:52,7,1,47
BRDA:52,8,0,48
BRDA:52,8,1,48
BRF:16
BRH:10
end_of_record
