TN:
SF:src/Roller.ts
FN:9,(anonymous_0)
FN:28,(anonymous_1)
FN:40,(anonymous_2)
FN:49,(anonymous_3)
FNF:4
FNH:3
FNDA:17,(anonymous_0)
FNDA:14,(anonymous_1)
FNDA:0,(anonymous_2)
FNDA:16,(anonymous_3)
DA:1,1
DA:10,17
DA:11,0
DA:13,17
DA:14,17
DA:15,17
DA:29,14
DA:30,5
DA:32,9
DA:33,9
DA:34,9
DA:35,9
DA:41,0
DA:50,16
DA:51,16
DA:52,96
DA:54,16
LF:17
LH:15
BRDA:10,0,0,0
BRDA:29,1,0,5
BRDA:29,2,0,14
BRDA:29,2,1,9
BRDA:33,3,0,0
BRDA:33,3,1,9
BRDA:33,4,0,9
BRDA:33,4,1,9
BRDA:41,5,0,0
BRDA:41,5,1,0
BRDA:41,6,0,0
BRDA:41,6,1,0
BRDA:52,7,0,9
BRDA:52,7,1,87
BRDA:52,8,0,96
BRDA:52,8,1,96
BRF:16
BRH:10
end_of_record
